0 info it worked if it ends with ok
1 verbose cli [ 'E:\\nodejs\\node.exe',
1 verbose cli   'E:\\nodejs\\node_modules\\npm\\bin\\npm-cli.js',
1 verbose cli   'start' ]
2 info using npm@3.10.10
3 info using node@v6.11.2
4 verbose run-script [ 'prestart', 'start', 'poststart' ]
5 info lifecycle reactRedux@0.1.0~prestart: reactRedux@0.1.0
6 silly lifecycle reactRedux@0.1.0~prestart: no script for prestart, continuing
7 info lifecycle reactRedux@0.1.0~start: reactRedux@0.1.0
8 verbose lifecycle reactRedux@0.1.0~start: unsafe-perm in lifecycle true
9 verbose lifecycle reactRedux@0.1.0~start: PATH: E:\nodejs\node_modules\npm\bin\node-gyp-bin;E:\reactRedux\node_modules\.bin;C:\ProgramData\Oracle\Java\javapath;C:\Windows\system32;C:\Windows;C:\Windows\System32\Wbem;C:\Windows\System32\WindowsPowerShell\v1.0\;C:\Program Files (x86)\GtkSharp\2.12\bin;C:\Users\Koaul\.dnx\bin;C:\Program Files\Microsoft DNX\Dnvm\;C:\Program Files\Microsoft SQL Server\130\Tools\Binn\;C:\Program Files (x86)\Skype\Phone\;C:\Program Files (x86)\NVIDIA Corporation\PhysX\Common;E:\nodejs\;E:\RailsInstaller\Git\cmd;E:\RailsInstaller\Ruby2.3.0\bin;C:\Users\Koaul\AppData\Local\Programs\Python\Python36-32\Scripts\;C:\Users\Koaul\AppData\Local\Programs\Python\Python36-32\;C:\Users\Koaul\AppData\Local\Microsoft\WindowsApps;C:\Users\Koaul\AppData\Roaming\npm;C:\adb;E:\RailsInstaller\Git\cmd;E:\RailsInstaller\Ruby2.3.0\bin;C:\Users\Koaul\AppData\Local\Programs\Python\Python36-32\Scripts\;C:\Users\Koaul\AppData\Local\Programs\Python\Python36-32\;C:\Users\Koaul\AppData\Local\Microsoft\WindowsApps;C:\Users\Koaul\AppData\Roaming\npm;E:\Microsoft VS Code\bin
10 verbose lifecycle reactRedux@0.1.0~start: CWD: E:\reactRedux
11 silly lifecycle reactRedux@0.1.0~start: Args: [ '/d /s /c', 'react-scripts start' ]
12 verbose stack Error: kill ENOSYS
12 verbose stack     at exports._errnoException (util.js:1020:11)
12 verbose stack     at process.kill (internal/process.js:190:13)
12 verbose stack     at process.listener (E:\nodejs\node_modules\npm\node_modules\npmlog\node_modules\gauge\node_modules\signal-exit\index.js:86:15)
12 verbose stack     at emitNone (events.js:91:20)
12 verbose stack     at process.emit (events.js:185:7)
12 verbose stack     at processEmit (E:\nodejs\node_modules\npm\node_modules\npmlog\node_modules\gauge\node_modules\signal-exit\index.js:146:32)
12 verbose stack     at processEmit (E:\nodejs\node_modules\npm\node_modules\npm-registry-client\node_modules\npmlog\node_modules\gauge\node_modules\signal-exit\index.js:146:32)
12 verbose stack     at Signal.wrap.onsignal (internal/process.js:217:44)
13 verbose cwd E:\reactRedux\src
14 error Windows_NT 10.0.14393
15 error argv "E:\\nodejs\\node.exe" "E:\\nodejs\\node_modules\\npm\\bin\\npm-cli.js" "start"
16 error node v6.11.2
17 error npm  v3.10.10
18 error code ENOSYS
19 error errno ENOSYS
20 error syscall kill
21 error kill ENOSYS
22 error If you need help, you may report this error at:
22 error     <https://github.com/npm/npm/issues>
23 verbose exit [ 1, true ]
